{"C:\\Users\\Agonb\\Desktop\\unitTesting\\main.js": {"path":"C:\\Users\\Agonb\\Desktop\\unitTesting\\main.js","statementMap":{"0":{"start":{"line":1,"column":15},"end":{"line":1,"column":39}},"1":{"start":{"line":3,"column":13},"end":{"line":3,"column":14}},"2":{"start":{"line":4,"column":13},"end":{"line":4,"column":14}},"3":{"start":{"line":6,"column":22},"end":{"line":11,"column":1}},"4":{"start":{"line":13,"column":22},"end":{"line":18,"column":1}},"5":{"start":{"line":21,"column":16},"end":{"line":32,"column":1}},"6":{"start":{"line":22,"column":4},"end":{"line":31,"column":1}},"7":{"start":{"line":23,"column":26},"end":{"line":23,"column":53}},"8":{"start":{"line":24,"column":32},"end":{"line":24,"column":57}},"9":{"start":{"line":26,"column":4},"end":{"line":30,"column":5}},"10":{"start":{"line":27,"column":9},"end":{"line":27,"column":51}},"11":{"start":{"line":29,"column":8},"end":{"line":29,"column":35}},"12":{"start":{"line":35,"column":25},"end":{"line":47,"column":1}},"13":{"start":{"line":37,"column":4},"end":{"line":46,"column":5}},"14":{"start":{"line":38,"column":22},"end":{"line":38,"column":75}},"15":{"start":{"line":39,"column":30},"end":{"line":39,"column":47}},"16":{"start":{"line":41,"column":8},"end":{"line":45,"column":9}},"17":{"start":{"line":42,"column":13},"end":{"line":42,"column":64}},"18":{"start":{"line":44,"column":12},"end":{"line":44,"column":33}},"19":{"start":{"line":49,"column":15},"end":{"line":62,"column":1}},"20":{"start":{"line":51,"column":4},"end":{"line":60,"column":5}},"21":{"start":{"line":52,"column":20},"end":{"line":52,"column":50}},"22":{"start":{"line":53,"column":26},"end":{"line":53,"column":41}},"23":{"start":{"line":55,"column":8},"end":{"line":59,"column":9}},"24":{"start":{"line":56,"column":13},"end":{"line":56,"column":40}},"25":{"start":{"line":58,"column":12},"end":{"line":58,"column":29}},"26":{"start":{"line":64,"column":13},"end":{"line":85,"column":1}},"27":{"start":{"line":65,"column":20},"end":{"line":65,"column":22}},"28":{"start":{"line":66,"column":4},"end":{"line":70,"column":5}},"29":{"start":{"line":67,"column":8},"end":{"line":69,"column":9}},"30":{"start":{"line":67,"column":21},"end":{"line":67,"column":22}},"31":{"start":{"line":68,"column":12},"end":{"line":68,"column":33}},"32":{"start":{"line":72,"column":18},"end":{"line":72,"column":20}},"33":{"start":{"line":73,"column":4},"end":{"line":82,"column":5}},"34":{"start":{"line":73,"column":17},"end":{"line":73,"column":18}},"35":{"start":{"line":74,"column":8},"end":{"line":74,"column":23}},"36":{"start":{"line":75,"column":28},"end":{"line":75,"column":40}},"37":{"start":{"line":76,"column":8},"end":{"line":81,"column":9}},"38":{"start":{"line":76,"column":21},"end":{"line":76,"column":22}},"39":{"start":{"line":77,"column":32},"end":{"line":77,"column":78}},"40":{"start":{"line":78,"column":35},"end":{"line":78,"column":59}},"41":{"start":{"line":79,"column":12},"end":{"line":79,"column":42}},"42":{"start":{"line":80,"column":12},"end":{"line":80,"column":47}},"43":{"start":{"line":84,"column":4},"end":{"line":84,"column":17}},"44":{"start":{"line":87,"column":18},"end":{"line":97,"column":1}},"45":{"start":{"line":88,"column":17},"end":{"line":88,"column":19}},"46":{"start":{"line":89,"column":4},"end":{"line":94,"column":5}},"47":{"start":{"line":89,"column":17},"end":{"line":89,"column":18}},"48":{"start":{"line":90,"column":8},"end":{"line":90,"column":22}},"49":{"start":{"line":91,"column":8},"end":{"line":93,"column":13}},"50":{"start":{"line":91,"column":21},"end":{"line":91,"column":22}},"51":{"start":{"line":92,"column":12},"end":{"line":92,"column":38}},"52":{"start":{"line":96,"column":4},"end":{"line":96,"column":15}},"53":{"start":{"line":99,"column":18},"end":{"line":110,"column":1}},"54":{"start":{"line":100,"column":4},"end":{"line":109,"column":5}},"55":{"start":{"line":101,"column":24},"end":{"line":101,"column":26}},"56":{"start":{"line":102,"column":8},"end":{"line":107,"column":9}},"57":{"start":{"line":103,"column":12},"end":{"line":103,"column":32}},"58":{"start":{"line":104,"column":12},"end":{"line":106,"column":13}},"59":{"start":{"line":105,"column":16},"end":{"line":105,"column":35}},"60":{"start":{"line":108,"column":8},"end":{"line":108,"column":31}},"61":{"start":{"line":112,"column":20},"end":{"line":131,"column":1}},"62":{"start":{"line":113,"column":19},"end":{"line":113,"column":20}},"63":{"start":{"line":115,"column":4},"end":{"line":129,"column":5}},"64":{"start":{"line":115,"column":18},"end":{"line":115,"column":19}},"65":{"start":{"line":116,"column":24},"end":{"line":116,"column":33}},"66":{"start":{"line":117,"column":22},"end":{"line":117,"column":26}},"67":{"start":{"line":119,"column":8},"end":{"line":124,"column":9}},"68":{"start":{"line":120,"column":12},"end":{"line":123,"column":13}},"69":{"start":{"line":121,"column":16},"end":{"line":121,"column":32}},"70":{"start":{"line":122,"column":16},"end":{"line":122,"column":22}},"71":{"start":{"line":126,"column":8},"end":{"line":128,"column":9}},"72":{"start":{"line":127,"column":12},"end":{"line":127,"column":55}},"73":{"start":{"line":130,"column":4},"end":{"line":130,"column":20}},"74":{"start":{"line":133,"column":13},"end":{"line":161,"column":1}},"75":{"start":{"line":136,"column":18},"end":{"line":136,"column":27}},"76":{"start":{"line":138,"column":4},"end":{"line":160,"column":5}},"77":{"start":{"line":140,"column":8},"end":{"line":140,"column":52}},"78":{"start":{"line":141,"column":26},"end":{"line":141,"column":44}},"79":{"start":{"line":142,"column":16},"end":{"line":142,"column":46}},"80":{"start":{"line":143,"column":4},"end":{"line":143,"column":34}},"81":{"start":{"line":144,"column":18},"end":{"line":144,"column":24}},"82":{"start":{"line":145,"column":17},"end":{"line":145,"column":34}},"83":{"start":{"line":146,"column":4},"end":{"line":146,"column":20}},"84":{"start":{"line":147,"column":21},"end":{"line":147,"column":58}},"85":{"start":{"line":148,"column":4},"end":{"line":148,"column":24}},"86":{"start":{"line":149,"column":4},"end":{"line":149,"column":52}},"87":{"start":{"line":151,"column":8},"end":{"line":154,"column":9}},"88":{"start":{"line":152,"column":12},"end":{"line":152,"column":90}},"89":{"start":{"line":153,"column":12},"end":{"line":153,"column":18}},"90":{"start":{"line":156,"column":26},"end":{"line":156,"column":68}},"91":{"start":{"line":158,"column":8},"end":{"line":158,"column":36}},"92":{"start":{"line":158,"column":30},"end":{"line":158,"column":36}},"93":{"start":{"line":163,"column":0},"end":{"line":163,"column":7}},"94":{"start":{"line":165,"column":0},"end":{"line":173,"column":2}}},"fnMap":{"0":{"name":"(anonymous_0)","decl":{"start":{"line":21,"column":16},"end":{"line":21,"column":17}},"loc":{"start":{"line":21,"column":22},"end":{"line":32,"column":1}},"line":21},"1":{"name":"(anonymous_1)","decl":{"start":{"line":35,"column":25},"end":{"line":35,"column":26}},"loc":{"start":{"line":35,"column":30},"end":{"line":47,"column":1}},"line":35},"2":{"name":"(anonymous_2)","decl":{"start":{"line":49,"column":15},"end":{"line":49,"column":16}},"loc":{"start":{"line":49,"column":33},"end":{"line":62,"column":1}},"line":49},"3":{"name":"(anonymous_3)","decl":{"start":{"line":64,"column":13},"end":{"line":64,"column":14}},"loc":{"start":{"line":64,"column":19},"end":{"line":85,"column":1}},"line":64},"4":{"name":"(anonymous_4)","decl":{"start":{"line":87,"column":18},"end":{"line":87,"column":19}},"loc":{"start":{"line":87,"column":29},"end":{"line":97,"column":1}},"line":87},"5":{"name":"(anonymous_5)","decl":{"start":{"line":99,"column":18},"end":{"line":99,"column":19}},"loc":{"start":{"line":99,"column":28},"end":{"line":110,"column":1}},"line":99},"6":{"name":"(anonymous_6)","decl":{"start":{"line":112,"column":20},"end":{"line":112,"column":21}},"loc":{"start":{"line":112,"column":42},"end":{"line":131,"column":1}},"line":112},"7":{"name":"(anonymous_7)","decl":{"start":{"line":133,"column":13},"end":{"line":133,"column":14}},"loc":{"start":{"line":133,"column":19},"end":{"line":161,"column":1}},"line":133}},"branchMap":{"0":{"loc":{"start":{"line":26,"column":4},"end":{"line":30,"column":5}},"type":"if","locations":[{"start":{"line":26,"column":4},"end":{"line":30,"column":5}},{"start":{"line":28,"column":9},"end":{"line":30,"column":5}}],"line":26},"1":{"loc":{"start":{"line":26,"column":7},"end":{"line":26,"column":61}},"type":"binary-expr","locations":[{"start":{"line":26,"column":7},"end":{"line":26,"column":33}},{"start":{"line":26,"column":37},"end":{"line":26,"column":61}}],"line":26},"2":{"loc":{"start":{"line":41,"column":8},"end":{"line":45,"column":9}},"type":"if","locations":[{"start":{"line":41,"column":8},"end":{"line":45,"column":9}},{"start":{"line":43,"column":13},"end":{"line":45,"column":9}}],"line":41},"3":{"loc":{"start":{"line":41,"column":11},"end":{"line":41,"column":73}},"type":"binary-expr","locations":[{"start":{"line":41,"column":11},"end":{"line":41,"column":31}},{"start":{"line":41,"column":35},"end":{"line":41,"column":53}},{"start":{"line":41,"column":56},"end":{"line":41,"column":73}}],"line":41},"4":{"loc":{"start":{"line":55,"column":8},"end":{"line":59,"column":9}},"type":"if","locations":[{"start":{"line":55,"column":8},"end":{"line":59,"column":9}},{"start":{"line":57,"column":15},"end":{"line":59,"column":9}}],"line":55},"5":{"loc":{"start":{"line":55,"column":11},"end":{"line":55,"column":76}},"type":"binary-expr","locations":[{"start":{"line":55,"column":11},"end":{"line":55,"column":27}},{"start":{"line":55,"column":31},"end":{"line":55,"column":45}},{"start":{"line":55,"column":49},"end":{"line":55,"column":76}}],"line":55},"6":{"loc":{"start":{"line":104,"column":12},"end":{"line":106,"column":13}},"type":"if","locations":[{"start":{"line":104,"column":12},"end":{"line":106,"column":13}},{"start":{},"end":{}}],"line":104},"7":{"loc":{"start":{"line":120,"column":12},"end":{"line":123,"column":13}},"type":"if","locations":[{"start":{"line":120,"column":12},"end":{"line":123,"column":13}},{"start":{},"end":{}}],"line":120},"8":{"loc":{"start":{"line":126,"column":8},"end":{"line":128,"column":9}},"type":"if","locations":[{"start":{"line":126,"column":8},"end":{"line":128,"column":9}},{"start":{},"end":{}}],"line":126},"9":{"loc":{"start":{"line":151,"column":8},"end":{"line":154,"column":9}},"type":"if","locations":[{"start":{"line":151,"column":8},"end":{"line":154,"column":9}},{"start":{},"end":{}}],"line":151},"10":{"loc":{"start":{"line":158,"column":8},"end":{"line":158,"column":36}},"type":"if","locations":[{"start":{"line":158,"column":8},"end":{"line":158,"column":36}},{"start":{},"end":{}}],"line":158}},"s":{"0":1,"1":1,"2":1,"3":1,"4":1,"5":1,"6":2,"7":2,"8":2,"9":2,"10":0,"11":2,"12":1,"13":2,"14":4,"15":4,"16":4,"17":2,"18":2,"19":1,"20":6,"21":8,"22":8,"23":8,"24":2,"25":6,"26":1,"27":2,"28":2,"29":8,"30":8,"31":40,"32":2,"33":2,"34":2,"35":6,"36":6,"37":6,"38":6,"39":18,"40":18,"41":18,"42":18,"43":2,"44":1,"45":2,"46":2,"47":2,"48":6,"49":6,"50":6,"51":18,"52":2,"53":1,"54":1,"55":3,"56":3,"57":9,"58":9,"59":6,"60":3,"61":1,"62":3,"63":3,"64":3,"65":4,"66":4,"67":4,"68":9,"69":3,"70":3,"71":4,"72":1,"73":3,"74":1,"75":1,"76":1,"77":1,"78":1,"79":1,"80":1,"81":1,"82":1,"83":1,"84":1,"85":1,"86":1,"87":1,"88":0,"89":0,"90":1,"91":1,"92":1,"93":1,"94":1},"f":{"0":2,"1":2,"2":6,"3":2,"4":2,"5":1,"6":3,"7":1},"b":{"0":[0,2],"1":[2,2],"2":[2,2],"3":[4,4,4],"4":[2,6],"5":[8,6,6],"6":[6,3],"7":[3,6],"8":[1,3],"9":[0,1],"10":[1,0]},"_coverageSchema":"1a1c01bbd47fc00a2c39e90264f33305004495a9","hash":"056f016b0ecc9f19dea42ffcc81bafe4a5e9dae9"}
}
