{"C:\\Users\\Agonb\\Desktop\\unitTesting\\main.js": {"path":"C:\\Users\\Agonb\\Desktop\\unitTesting\\main.js","statementMap":{"0":{"start":{"line":9,"column":15},"end":{"line":9,"column":39}},"1":{"start":{"line":12,"column":13},"end":{"line":12,"column":14}},"2":{"start":{"line":13,"column":13},"end":{"line":13,"column":14}},"3":{"start":{"line":15,"column":22},"end":{"line":20,"column":1}},"4":{"start":{"line":22,"column":22},"end":{"line":27,"column":1}},"5":{"start":{"line":30,"column":16},"end":{"line":41,"column":1}},"6":{"start":{"line":31,"column":4},"end":{"line":40,"column":1}},"7":{"start":{"line":32,"column":26},"end":{"line":32,"column":53}},"8":{"start":{"line":33,"column":32},"end":{"line":33,"column":57}},"9":{"start":{"line":35,"column":4},"end":{"line":39,"column":5}},"10":{"start":{"line":36,"column":9},"end":{"line":36,"column":51}},"11":{"start":{"line":38,"column":8},"end":{"line":38,"column":35}},"12":{"start":{"line":45,"column":25},"end":{"line":57,"column":1}},"13":{"start":{"line":47,"column":4},"end":{"line":56,"column":5}},"14":{"start":{"line":48,"column":22},"end":{"line":48,"column":75}},"15":{"start":{"line":49,"column":30},"end":{"line":49,"column":47}},"16":{"start":{"line":51,"column":8},"end":{"line":55,"column":9}},"17":{"start":{"line":52,"column":13},"end":{"line":52,"column":64}},"18":{"start":{"line":54,"column":12},"end":{"line":54,"column":33}},"19":{"start":{"line":59,"column":15},"end":{"line":72,"column":1}},"20":{"start":{"line":61,"column":4},"end":{"line":70,"column":5}},"21":{"start":{"line":62,"column":20},"end":{"line":62,"column":50}},"22":{"start":{"line":63,"column":26},"end":{"line":63,"column":41}},"23":{"start":{"line":65,"column":8},"end":{"line":69,"column":9}},"24":{"start":{"line":66,"column":13},"end":{"line":66,"column":40}},"25":{"start":{"line":68,"column":12},"end":{"line":68,"column":29}},"26":{"start":{"line":74,"column":13},"end":{"line":95,"column":1}},"27":{"start":{"line":75,"column":20},"end":{"line":75,"column":22}},"28":{"start":{"line":76,"column":4},"end":{"line":80,"column":5}},"29":{"start":{"line":77,"column":8},"end":{"line":79,"column":9}},"30":{"start":{"line":77,"column":21},"end":{"line":77,"column":22}},"31":{"start":{"line":78,"column":12},"end":{"line":78,"column":33}},"32":{"start":{"line":82,"column":18},"end":{"line":82,"column":20}},"33":{"start":{"line":83,"column":4},"end":{"line":92,"column":5}},"34":{"start":{"line":83,"column":17},"end":{"line":83,"column":18}},"35":{"start":{"line":84,"column":8},"end":{"line":84,"column":23}},"36":{"start":{"line":85,"column":28},"end":{"line":85,"column":40}},"37":{"start":{"line":86,"column":8},"end":{"line":91,"column":9}},"38":{"start":{"line":86,"column":21},"end":{"line":86,"column":22}},"39":{"start":{"line":87,"column":32},"end":{"line":87,"column":78}},"40":{"start":{"line":88,"column":35},"end":{"line":88,"column":59}},"41":{"start":{"line":89,"column":12},"end":{"line":89,"column":42}},"42":{"start":{"line":90,"column":12},"end":{"line":90,"column":47}},"43":{"start":{"line":94,"column":4},"end":{"line":94,"column":17}},"44":{"start":{"line":97,"column":18},"end":{"line":107,"column":1}},"45":{"start":{"line":98,"column":17},"end":{"line":98,"column":19}},"46":{"start":{"line":99,"column":4},"end":{"line":104,"column":5}},"47":{"start":{"line":99,"column":17},"end":{"line":99,"column":18}},"48":{"start":{"line":100,"column":8},"end":{"line":100,"column":22}},"49":{"start":{"line":101,"column":8},"end":{"line":103,"column":13}},"50":{"start":{"line":101,"column":21},"end":{"line":101,"column":22}},"51":{"start":{"line":102,"column":12},"end":{"line":102,"column":38}},"52":{"start":{"line":106,"column":4},"end":{"line":106,"column":15}},"53":{"start":{"line":109,"column":18},"end":{"line":120,"column":1}},"54":{"start":{"line":110,"column":4},"end":{"line":119,"column":5}},"55":{"start":{"line":111,"column":24},"end":{"line":111,"column":26}},"56":{"start":{"line":112,"column":8},"end":{"line":117,"column":9}},"57":{"start":{"line":113,"column":12},"end":{"line":113,"column":32}},"58":{"start":{"line":114,"column":12},"end":{"line":116,"column":13}},"59":{"start":{"line":115,"column":16},"end":{"line":115,"column":35}},"60":{"start":{"line":118,"column":8},"end":{"line":118,"column":31}},"61":{"start":{"line":122,"column":20},"end":{"line":141,"column":1}},"62":{"start":{"line":123,"column":19},"end":{"line":123,"column":20}},"63":{"start":{"line":125,"column":4},"end":{"line":139,"column":5}},"64":{"start":{"line":125,"column":18},"end":{"line":125,"column":19}},"65":{"start":{"line":126,"column":24},"end":{"line":126,"column":33}},"66":{"start":{"line":127,"column":22},"end":{"line":127,"column":26}},"67":{"start":{"line":129,"column":8},"end":{"line":134,"column":9}},"68":{"start":{"line":130,"column":12},"end":{"line":133,"column":13}},"69":{"start":{"line":131,"column":16},"end":{"line":131,"column":32}},"70":{"start":{"line":132,"column":16},"end":{"line":132,"column":22}},"71":{"start":{"line":136,"column":8},"end":{"line":138,"column":9}},"72":{"start":{"line":137,"column":12},"end":{"line":137,"column":55}},"73":{"start":{"line":140,"column":4},"end":{"line":140,"column":20}},"74":{"start":{"line":143,"column":13},"end":{"line":171,"column":1}},"75":{"start":{"line":146,"column":18},"end":{"line":146,"column":27}},"76":{"start":{"line":148,"column":4},"end":{"line":170,"column":5}},"77":{"start":{"line":150,"column":8},"end":{"line":150,"column":52}},"78":{"start":{"line":151,"column":26},"end":{"line":151,"column":44}},"79":{"start":{"line":152,"column":16},"end":{"line":152,"column":46}},"80":{"start":{"line":153,"column":4},"end":{"line":153,"column":34}},"81":{"start":{"line":154,"column":18},"end":{"line":154,"column":24}},"82":{"start":{"line":155,"column":17},"end":{"line":155,"column":34}},"83":{"start":{"line":156,"column":4},"end":{"line":156,"column":20}},"84":{"start":{"line":157,"column":21},"end":{"line":157,"column":58}},"85":{"start":{"line":158,"column":4},"end":{"line":158,"column":24}},"86":{"start":{"line":159,"column":4},"end":{"line":159,"column":52}},"87":{"start":{"line":161,"column":8},"end":{"line":164,"column":9}},"88":{"start":{"line":162,"column":12},"end":{"line":162,"column":90}},"89":{"start":{"line":163,"column":12},"end":{"line":163,"column":18}},"90":{"start":{"line":166,"column":26},"end":{"line":166,"column":68}},"91":{"start":{"line":168,"column":8},"end":{"line":168,"column":36}},"92":{"start":{"line":168,"column":30},"end":{"line":168,"column":36}},"93":{"start":{"line":173,"column":0},"end":{"line":173,"column":7}},"94":{"start":{"line":175,"column":0},"end":{"line":183,"column":2}}},"fnMap":{"0":{"name":"(anonymous_0)","decl":{"start":{"line":30,"column":16},"end":{"line":30,"column":17}},"loc":{"start":{"line":30,"column":22},"end":{"line":41,"column":1}},"line":30},"1":{"name":"(anonymous_1)","decl":{"start":{"line":45,"column":25},"end":{"line":45,"column":26}},"loc":{"start":{"line":45,"column":30},"end":{"line":57,"column":1}},"line":45},"2":{"name":"(anonymous_2)","decl":{"start":{"line":59,"column":15},"end":{"line":59,"column":16}},"loc":{"start":{"line":59,"column":33},"end":{"line":72,"column":1}},"line":59},"3":{"name":"(anonymous_3)","decl":{"start":{"line":74,"column":13},"end":{"line":74,"column":14}},"loc":{"start":{"line":74,"column":19},"end":{"line":95,"column":1}},"line":74},"4":{"name":"(anonymous_4)","decl":{"start":{"line":97,"column":18},"end":{"line":97,"column":19}},"loc":{"start":{"line":97,"column":29},"end":{"line":107,"column":1}},"line":97},"5":{"name":"(anonymous_5)","decl":{"start":{"line":109,"column":18},"end":{"line":109,"column":19}},"loc":{"start":{"line":109,"column":28},"end":{"line":120,"column":1}},"line":109},"6":{"name":"(anonymous_6)","decl":{"start":{"line":122,"column":20},"end":{"line":122,"column":21}},"loc":{"start":{"line":122,"column":42},"end":{"line":141,"column":1}},"line":122},"7":{"name":"(anonymous_7)","decl":{"start":{"line":143,"column":13},"end":{"line":143,"column":14}},"loc":{"start":{"line":143,"column":19},"end":{"line":171,"column":1}},"line":143}},"branchMap":{"0":{"loc":{"start":{"line":35,"column":4},"end":{"line":39,"column":5}},"type":"if","locations":[{"start":{"line":35,"column":4},"end":{"line":39,"column":5}},{"start":{"line":37,"column":9},"end":{"line":39,"column":5}}],"line":35},"1":{"loc":{"start":{"line":35,"column":7},"end":{"line":35,"column":61}},"type":"binary-expr","locations":[{"start":{"line":35,"column":7},"end":{"line":35,"column":33}},{"start":{"line":35,"column":37},"end":{"line":35,"column":61}}],"line":35},"2":{"loc":{"start":{"line":51,"column":8},"end":{"line":55,"column":9}},"type":"if","locations":[{"start":{"line":51,"column":8},"end":{"line":55,"column":9}},{"start":{"line":53,"column":13},"end":{"line":55,"column":9}}],"line":51},"3":{"loc":{"start":{"line":51,"column":11},"end":{"line":51,"column":73}},"type":"binary-expr","locations":[{"start":{"line":51,"column":11},"end":{"line":51,"column":31}},{"start":{"line":51,"column":35},"end":{"line":51,"column":53}},{"start":{"line":51,"column":56},"end":{"line":51,"column":73}}],"line":51},"4":{"loc":{"start":{"line":65,"column":8},"end":{"line":69,"column":9}},"type":"if","locations":[{"start":{"line":65,"column":8},"end":{"line":69,"column":9}},{"start":{"line":67,"column":15},"end":{"line":69,"column":9}}],"line":65},"5":{"loc":{"start":{"line":65,"column":11},"end":{"line":65,"column":76}},"type":"binary-expr","locations":[{"start":{"line":65,"column":11},"end":{"line":65,"column":27}},{"start":{"line":65,"column":31},"end":{"line":65,"column":45}},{"start":{"line":65,"column":49},"end":{"line":65,"column":76}}],"line":65},"6":{"loc":{"start":{"line":114,"column":12},"end":{"line":116,"column":13}},"type":"if","locations":[{"start":{"line":114,"column":12},"end":{"line":116,"column":13}},{"start":{},"end":{}}],"line":114},"7":{"loc":{"start":{"line":130,"column":12},"end":{"line":133,"column":13}},"type":"if","locations":[{"start":{"line":130,"column":12},"end":{"line":133,"column":13}},{"start":{},"end":{}}],"line":130},"8":{"loc":{"start":{"line":136,"column":8},"end":{"line":138,"column":9}},"type":"if","locations":[{"start":{"line":136,"column":8},"end":{"line":138,"column":9}},{"start":{},"end":{}}],"line":136},"9":{"loc":{"start":{"line":161,"column":8},"end":{"line":164,"column":9}},"type":"if","locations":[{"start":{"line":161,"column":8},"end":{"line":164,"column":9}},{"start":{},"end":{}}],"line":161},"10":{"loc":{"start":{"line":168,"column":8},"end":{"line":168,"column":36}},"type":"if","locations":[{"start":{"line":168,"column":8},"end":{"line":168,"column":36}},{"start":{},"end":{}}],"line":168}},"s":{"0":1,"1":1,"2":1,"3":1,"4":1,"5":1,"6":2,"7":2,"8":2,"9":2,"10":0,"11":2,"12":1,"13":1,"14":1,"15":1,"16":1,"17":0,"18":1,"19":1,"20":2,"21":2,"22":2,"23":2,"24":0,"25":2,"26":1,"27":2,"28":2,"29":8,"30":8,"31":40,"32":2,"33":2,"34":2,"35":6,"36":6,"37":6,"38":6,"39":18,"40":18,"41":18,"42":18,"43":2,"44":1,"45":2,"46":2,"47":2,"48":6,"49":6,"50":6,"51":18,"52":2,"53":1,"54":1,"55":3,"56":3,"57":9,"58":9,"59":6,"60":3,"61":1,"62":3,"63":3,"64":3,"65":4,"66":4,"67":4,"68":9,"69":3,"70":3,"71":4,"72":1,"73":3,"74":1,"75":1,"76":1,"77":1,"78":1,"79":1,"80":1,"81":1,"82":1,"83":1,"84":1,"85":1,"86":1,"87":1,"88":0,"89":0,"90":1,"91":1,"92":1,"93":1,"94":1},"f":{"0":2,"1":1,"2":2,"3":2,"4":2,"5":1,"6":3,"7":1},"b":{"0":[0,2],"1":[2,2],"2":[0,1],"3":[1,1,1],"4":[0,2],"5":[2,2,2],"6":[6,3],"7":[3,6],"8":[1,3],"9":[0,1],"10":[1,0]},"_coverageSchema":"1a1c01bbd47fc00a2c39e90264f33305004495a9","hash":"08bd47637c0fc6d66bbf413284eed5e3397622af"}
}
