TN:
SF:main.js
FN:21,(anonymous_0)
FN:35,(anonymous_1)
FN:49,(anonymous_2)
FN:64,(anonymous_3)
FN:87,(anonymous_4)
FN:99,(anonymous_5)
FN:112,(anonymous_6)
FN:133,(anonymous_7)
FNF:8
FNH:8
FNDA:2,(anonymous_0)
FNDA:2,(anonymous_1)
FNDA:6,(anonymous_2)
FNDA:2,(anonymous_3)
FNDA:2,(anonymous_4)
FNDA:1,(anonymous_5)
FNDA:3,(anonymous_6)
FNDA:1,(anonymous_7)
DA:1,1
DA:3,1
DA:4,1
DA:6,1
DA:13,1
DA:21,1
DA:22,2
DA:23,2
DA:24,2
DA:26,2
DA:27,0
DA:29,2
DA:35,1
DA:37,2
DA:38,4
DA:39,4
DA:41,4
DA:42,2
DA:44,2
DA:49,1
DA:51,6
DA:52,8
DA:53,8
DA:55,8
DA:56,2
DA:58,6
DA:64,1
DA:65,2
DA:66,2
DA:67,8
DA:68,40
DA:72,2
DA:73,2
DA:74,6
DA:75,6
DA:76,6
DA:77,18
DA:78,18
DA:79,18
DA:80,18
DA:84,2
DA:87,1
DA:88,2
DA:89,2
DA:90,6
DA:91,6
DA:92,18
DA:96,2
DA:99,1
DA:100,1
DA:101,3
DA:102,3
DA:103,9
DA:104,9
DA:105,6
DA:108,3
DA:112,1
DA:113,3
DA:115,3
DA:116,4
DA:117,4
DA:119,4
DA:120,9
DA:121,3
DA:122,3
DA:126,4
DA:127,1
DA:130,3
DA:133,1
DA:136,1
DA:138,1
DA:140,1
DA:141,1
DA:142,1
DA:143,1
DA:144,1
DA:145,1
DA:146,1
DA:147,1
DA:148,1
DA:149,1
DA:151,1
DA:152,0
DA:153,0
DA:156,1
DA:158,1
DA:163,1
DA:165,1
LF:88
LH:85
BRDA:26,0,0,0
BRDA:26,0,1,2
BRDA:26,1,0,2
BRDA:26,1,1,2
BRDA:41,2,0,2
BRDA:41,2,1,2
BRDA:41,3,0,4
BRDA:41,3,1,4
BRDA:41,3,2,4
BRDA:55,4,0,2
BRDA:55,4,1,6
BRDA:55,5,0,8
BRDA:55,5,1,6
BRDA:55,5,2,6
BRDA:104,6,0,6
BRDA:104,6,1,3
BRDA:120,7,0,3
BRDA:120,7,1,6
BRDA:126,8,0,1
BRDA:126,8,1,3
BRDA:151,9,0,0
BRDA:151,9,1,1
BRDA:158,10,0,1
BRDA:158,10,1,0
BRF:24
BRH:21
end_of_record
