TN:
SF:main.js
FN:30,(anonymous_0)
FN:45,(anonymous_1)
FN:59,(anonymous_2)
FN:74,(anonymous_3)
FN:97,(anonymous_4)
FN:109,(anonymous_5)
FN:122,(anonymous_6)
FN:143,(anonymous_7)
FNF:8
FNH:8
FNDA:2,(anonymous_0)
FNDA:1,(anonymous_1)
FNDA:2,(anonymous_2)
FNDA:2,(anonymous_3)
FNDA:2,(anonymous_4)
FNDA:1,(anonymous_5)
FNDA:3,(anonymous_6)
FNDA:1,(anonymous_7)
DA:9,1
DA:12,1
DA:13,1
DA:15,1
DA:22,1
DA:30,1
DA:31,2
DA:32,2
DA:33,2
DA:35,2
DA:36,0
DA:38,2
DA:45,1
DA:47,1
DA:48,1
DA:49,1
DA:51,1
DA:52,0
DA:54,1
DA:59,1
DA:61,2
DA:62,2
DA:63,2
DA:65,2
DA:66,0
DA:68,2
DA:74,1
DA:75,2
DA:76,2
DA:77,8
DA:78,40
DA:82,2
DA:83,2
DA:84,6
DA:85,6
DA:86,6
DA:87,18
DA:88,18
DA:89,18
DA:90,18
DA:94,2
DA:97,1
DA:98,2
DA:99,2
DA:100,6
DA:101,6
DA:102,18
DA:106,2
DA:109,1
DA:110,1
DA:111,3
DA:112,3
DA:113,9
DA:114,9
DA:115,6
DA:118,3
DA:122,1
DA:123,3
DA:125,3
DA:126,4
DA:127,4
DA:129,4
DA:130,9
DA:131,3
DA:132,3
DA:136,4
DA:137,1
DA:140,3
DA:143,1
DA:146,1
DA:148,1
DA:150,1
DA:151,1
DA:152,1
DA:153,1
DA:154,1
DA:155,1
DA:156,1
DA:157,1
DA:158,1
DA:159,1
DA:161,1
DA:162,0
DA:163,0
DA:166,1
DA:168,1
DA:173,1
DA:175,1
LF:88
LH:83
BRDA:35,0,0,0
BRDA:35,0,1,2
BRDA:35,1,0,2
BRDA:35,1,1,2
BRDA:51,2,0,0
BRDA:51,2,1,1
BRDA:51,3,0,1
BRDA:51,3,1,1
BRDA:51,3,2,1
BRDA:65,4,0,0
BRDA:65,4,1,2
BRDA:65,5,0,2
BRDA:65,5,1,2
BRDA:65,5,2,2
BRDA:114,6,0,6
BRDA:114,6,1,3
BRDA:130,7,0,3
BRDA:130,7,1,6
BRDA:136,8,0,1
BRDA:136,8,1,3
BRDA:161,9,0,0
BRDA:161,9,1,1
BRDA:168,10,0,1
BRDA:168,10,1,0
BRF:24
BRH:19
end_of_record
